[0321/104952.262:ERROR:process_reader_win.cc(123)] NtOpenThread: {Access Denied} A process has requested access to an object, but has not been granted those access rights. (0xc0000022)
[0321/104952.582:ERROR:exception_snapshot_win.cc(98)] thread ID 5660 not found in process
[0321/104952.582:ERROR:scoped_process_suspend.cc(40)] NtResumeProcess: An attempt was made to access an exiting process. (0xc000010a)
[0321/110109.896:ERROR:process_info.cc(359)] UncheckedAllocate
[0321/112706.052:ERROR:process_info.cc(359)] UncheckedAllocate
[0321/113550.989:ERROR:process_reader_win.cc(123)] NtOpenThread: {Access Denied} A process has requested access to an object, but has not been granted those access rights. (0xc0000022)
[0321/113551.026:ERROR:exception_snapshot_win.cc(98)] thread ID 5556 not found in process
[0321/113551.158:ERROR:process_reader_win.cc(123)] NtOpenThread: {Access Denied} A process has requested access to an object, but has not been granted those access rights. (0xc0000022)
[0321/113551.158:ERROR:exception_snapshot_win.cc(98)] thread ID 3284 not found in process
[0321/113551.643:ERROR:process_reader_win.cc(123)] NtOpenThread: {Access Denied} A process has requested access to an object, but has not been granted those access rights. (0xc0000022)
[0321/113551.659:ERROR:exception_snapshot_win.cc(98)] thread ID 1244 not found in process
[0321/113551.759:ERROR:process_reader_win.cc(123)] NtOpenThread: {Access Denied} A process has requested access to an object, but has not been granted those access rights. (0xc0000022)
[0321/113551.759:ERROR:exception_snapshot_win.cc(98)] thread ID 6880 not found in process
[0321/113753.368:ERROR:process_reader_win.cc(123)] NtOpenThread: {Access Denied} A process has requested access to an object, but has not been granted those access rights. (0xc0000022)
[0321/113753.393:ERROR:exception_snapshot_win.cc(98)] thread ID 6768 not found in process
[0321/113753.440:ERROR:process_reader_win.cc(123)] NtOpenThread: {Access Denied} A process has requested access to an object, but has not been granted those access rights. (0xc0000022)
[0321/113753.440:ERROR:exception_snapshot_win.cc(98)] thread ID 7104 not found in process
[0321/113753.540:ERROR:process_reader_win.cc(123)] NtOpenThread: {Access Denied} A process has requested access to an object, but has not been granted those access rights. (0xc0000022)
[0321/113753.540:ERROR:exception_snapshot_win.cc(98)] thread ID 5424 not found in process
[0321/120232.145:ERROR:process_reader_win.cc(123)] NtOpenThread: {Access Denied} A process has requested access to an object, but has not been granted those access rights. (0xc0000022)
[0321/120232.192:ERROR:exception_snapshot_win.cc(98)] thread ID 6692 not found in process
[0321/120233.332:ERROR:process_reader_win.cc(123)] NtOpenThread: {Access Denied} A process has requested access to an object, but has not been granted those access rights. (0xc0000022)
[0321/120233.332:ERROR:exception_snapshot_win.cc(98)] thread ID 6616 not found in process
[0321/120916.780:ERROR:process_reader_win.cc(123)] NtOpenThread: {Access Denied} A process has requested access to an object, but has not been granted those access rights. (0xc0000022)
[0321/120916.864:ERROR:exception_snapshot_win.cc(98)] thread ID 6148 not found in process
[0321/120916.911:ERROR:process_reader_win.cc(123)] NtOpenThread: {Access Denied} A process has requested access to an object, but has not been granted those access rights. (0xc0000022)
[0321/120916.911:ERROR:exception_snapshot_win.cc(98)] thread ID 5164 not found in process
[0321/120917.011:ERROR:process_reader_win.cc(123)] NtOpenThread: {Access Denied} A process has requested access to an object, but has not been granted those access rights. (0xc0000022)
[0321/120917.011:ERROR:exception_snapshot_win.cc(98)] thread ID 4196 not found in process
[0321/122210.737:ERROR:process_reader_win.cc(123)] NtOpenThread: {Access Denied} A process has requested access to an object, but has not been granted those access rights. (0xc0000022)
[0321/122210.974:ERROR:exception_snapshot_win.cc(98)] thread ID 6680 not found in process
[0321/122211.190:ERROR:process_reader_win.cc(151)] SuspendThread: Access is denied. (0x5)
[0321/122211.190:ERROR:process_reader_win.cc(151)] SuspendThread: Access is denied. (0x5)
[0321/122211.190:ERROR:process_reader_win.cc(123)] NtOpenThread: {Access Denied} A process has requested access to an object, but has not been granted those access rights. (0xc0000022)
[0321/122211.190:ERROR:exception_snapshot_win.cc(98)] thread ID 3344 not found in process
[0321/122723.123:ERROR:process_reader_win.cc(123)] NtOpenThread: {Access Denied} A process has requested access to an object, but has not been granted those access rights. (0xc0000022)
[0321/122723.160:ERROR:exception_snapshot_win.cc(98)] thread ID 980 not found in process
[0321/122723.392:ERROR:process_reader_win.cc(123)] NtOpenThread: {Access Denied} A process has requested access to an object, but has not been granted those access rights. (0xc0000022)
[0321/122723.392:ERROR:exception_snapshot_win.cc(98)] thread ID 1784 not found in process
[0321/131530.446:ERROR:process_reader_win.cc(123)] NtOpenThread: {Access Denied} A process has requested access to an object, but has not been granted those access rights. (0xc0000022)
[0321/131530.500:ERROR:exception_snapshot_win.cc(98)] thread ID 944 not found in process
[0321/131530.791:ERROR:process_reader_win.cc(123)] NtOpenThread: {Access Denied} A process has requested access to an object, but has not been granted those access rights. (0xc0000022)
[0321/131530.791:ERROR:exception_snapshot_win.cc(98)] thread ID 6748 not found in process
[0321/131737.656:ERROR:process_reader_win.cc(123)] NtOpenThread: {Access Denied} A process has requested access to an object, but has not been granted those access rights. (0xc0000022)
[0321/131737.693:ERROR:exception_snapshot_win.cc(98)] thread ID 9920 not found in process
[0321/131738.094:ERROR:process_reader_win.cc(123)] NtOpenThread: {Access Denied} A process has requested access to an object, but has not been granted those access rights. (0xc0000022)
[0321/131738.094:ERROR:exception_snapshot_win.cc(98)] thread ID 4380 not found in process
[0321/161528.768:ERROR:process_reader_win.cc(123)] NtOpenThread: {Access Denied} A process has requested access to an object, but has not been granted those access rights. (0xc0000022)
[0321/161528.831:ERROR:exception_snapshot_win.cc(98)] thread ID 8952 not found in process
[0324/163016.451:ERROR:process_info.cc(359)] UncheckedAllocate
[0324/163021.208:ERROR:process_info.cc(359)] UncheckedAllocate
[0324/163040.202:ERROR:process_info.cc(359)] UncheckedAllocate
